0.4 - Wabbajack Build - aa36c5996492336a142f2e355e67c204ba806dc5
0.41 - Running in D:\2.5.3.15
0.45 - Detected Windows Version: 10.0.19043.0
0.45 - System settings - (15.9GB RAM) (16GB Page), Display: 1920 x 1080 (3.9GB VRAM - VideoMemorySizeMb=10240)
0.45 - Pagefile below recommended! Consider increasing to 20000MB. A suboptimal pagefile can cause crashes and poor in-game performance.
0.54 - Steam: ACF Manifest at D:\SteamLibrary\steamapps\appmanifest_10.acf does not contain a value with key BytesToDownload
0.54 - Steam: ACF Manifest at D:\SteamLibrary\steamapps\appmanifest_10.acf does not contain a value with key BytesDownloaded
0.54 - Steam: ACF Manifest at D:\SteamLibrary\steamapps\appmanifest_10.acf does not contain a value with key BytesToStage
0.54 - Steam: ACF Manifest at D:\SteamLibrary\steamapps\appmanifest_10.acf does not contain a value with key BytesStaged
0.65 - Steam: ACF Manifest at D:\SteamLibrary\steamapps\appmanifest_108600.acf does not contain a value with key BytesToDownload
0.66 - Steam: ACF Manifest at D:\SteamLibrary\steamapps\appmanifest_108600.acf does not contain a value with key BytesDownloaded
0.66 - Steam: ACF Manifest at D:\SteamLibrary\steamapps\appmanifest_108600.acf does not contain a value with key BytesToStage
0.66 - Steam: ACF Manifest at D:\SteamLibrary\steamapps\appmanifest_108600.acf does not contain a value with key BytesStaged
0.88 - Steam: ACF Manifest at D:\SteamLibrary\steamapps\appmanifest_1118200.acf does not contain a value with key BytesToDownload
0.88 - Steam: ACF Manifest at D:\SteamLibrary\steamapps\appmanifest_1118200.acf does not contain a value with key BytesDownloaded
0.88 - Steam: ACF Manifest at D:\SteamLibrary\steamapps\appmanifest_1118200.acf does not contain a value with key BytesToStage
0.88 - Steam: ACF Manifest at D:\SteamLibrary\steamapps\appmanifest_1118200.acf does not contain a value with key BytesStaged
0.97 - Steam: ACF Manifest at D:\SteamLibrary\steamapps\appmanifest_130.acf does not contain a value with key BytesToDownload
0.97 - Steam: ACF Manifest at D:\SteamLibrary\steamapps\appmanifest_130.acf does not contain a value with key BytesDownloaded
0.97 - Steam: ACF Manifest at D:\SteamLibrary\steamapps\appmanifest_130.acf does not contain a value with key BytesToStage
0.97 - Steam: ACF Manifest at D:\SteamLibrary\steamapps\appmanifest_130.acf does not contain a value with key BytesStaged
1.19 - Wabbajack Version: 2.5.3.15
1.26 - Steam: ACF Manifest at D:\SteamLibrary\steamapps\appmanifest_220.acf does not contain a value with key BytesToDownload
1.26 - Steam: ACF Manifest at D:\SteamLibrary\steamapps\appmanifest_220.acf does not contain a value with key BytesDownloaded
1.26 - Steam: ACF Manifest at D:\SteamLibrary\steamapps\appmanifest_220.acf does not contain a value with key BytesToStage
1.26 - Steam: ACF Manifest at D:\SteamLibrary\steamapps\appmanifest_220.acf does not contain a value with key BytesStaged
1.27 - Steam: ACF Manifest at D:\SteamLibrary\steamapps\appmanifest_223470.acf does not contain a value with key BytesToDownload
1.27 - Steam: ACF Manifest at D:\SteamLibrary\steamapps\appmanifest_223470.acf does not contain a value with key BytesDownloaded
1.27 - Steam: ACF Manifest at D:\SteamLibrary\steamapps\appmanifest_223470.acf does not contain a value with key BytesToStage
1.27 - Steam: ACF Manifest at D:\SteamLibrary\steamapps\appmanifest_223470.acf does not contain a value with key BytesStaged
1.4 - Steam: ACF Manifest at D:\SteamLibrary\steamapps\appmanifest_280.acf does not contain a value with key BytesToDownload
1.4 - Steam: ACF Manifest at D:\SteamLibrary\steamapps\appmanifest_280.acf does not contain a value with key BytesDownloaded
1.4 - Steam: ACF Manifest at D:\SteamLibrary\steamapps\appmanifest_280.acf does not contain a value with key BytesToStage
1.4 - Steam: ACF Manifest at D:\SteamLibrary\steamapps\appmanifest_280.acf does not contain a value with key BytesStaged
1.65 - Steam: ACF Manifest at D:\SteamLibrary\steamapps\appmanifest_340.acf does not contain a value with key BytesToDownload
1.65 - Steam: ACF Manifest at D:\SteamLibrary\steamapps\appmanifest_340.acf does not contain a value with key BytesDownloaded
1.65 - Steam: ACF Manifest at D:\SteamLibrary\steamapps\appmanifest_340.acf does not contain a value with key BytesToStage
1.65 - Steam: ACF Manifest at D:\SteamLibrary\steamapps\appmanifest_340.acf does not contain a value with key BytesStaged
1.76 - Steam: ACF Manifest at D:\SteamLibrary\steamapps\appmanifest_380.acf does not contain a value with key BytesToDownload
1.76 - Steam: ACF Manifest at D:\SteamLibrary\steamapps\appmanifest_380.acf does not contain a value with key BytesDownloaded
1.76 - Steam: ACF Manifest at D:\SteamLibrary\steamapps\appmanifest_380.acf does not contain a value with key BytesToStage
1.76 - Steam: ACF Manifest at D:\SteamLibrary\steamapps\appmanifest_380.acf does not contain a value with key BytesStaged
1.79 - Steam: ACF Manifest at D:\SteamLibrary\steamapps\appmanifest_4000.acf does not contain a value with key BytesToDownload
1.79 - Steam: ACF Manifest at D:\SteamLibrary\steamapps\appmanifest_4000.acf does not contain a value with key BytesDownloaded
1.79 - Steam: ACF Manifest at D:\SteamLibrary\steamapps\appmanifest_4000.acf does not contain a value with key BytesToStage
1.79 - Steam: ACF Manifest at D:\SteamLibrary\steamapps\appmanifest_4000.acf does not contain a value with key BytesStaged
1.8 - Steam: ACF Manifest at D:\SteamLibrary\steamapps\appmanifest_420.acf does not contain a value with key BytesToDownload
1.8 - Steam: ACF Manifest at D:\SteamLibrary\steamapps\appmanifest_420.acf does not contain a value with key BytesDownloaded
1.8 - Steam: ACF Manifest at D:\SteamLibrary\steamapps\appmanifest_420.acf does not contain a value with key BytesToStage
1.8 - Steam: ACF Manifest at D:\SteamLibrary\steamapps\appmanifest_420.acf does not contain a value with key BytesStaged
2.47 - Build server is alive
2.47 - File hash check (-42) b14f72d6016457e6b14ba6b9860432d72958a6718aa767bf140c35d015affa8f
2.48 - Build server is alive
2.48 - File hash check (-42) b14f72d6016457e6b14ba6b9860432d72958a6718aa767bf140c35d015affa8f
2.76 - Steam: Found game Counter-Strike: Condition Zero Deleted Scenes (100) at "D:\SteamLibrary\steamapps\common\Half-Life"
2.76 - Steam: Found game Call of Duty: World at War (10090) at "D:\SteamLibrary\steamapps\common\Call of Duty World at War"
2.76 - Steam: Found game Unturned Dedicated Server (1110390) at "D:\SteamLibrary\steamapps\common\U3DS"
2.76 - Steam: Found game Grand Theft Auto: San Andreas (12120) at "D:\SteamLibrary\steamapps\common\Grand Theft Auto San Andreas"
2.76 - Steam: Found game Post Void (1285670) at "D:\SteamLibrary\steamapps\common\Post Void"
2.76 - Steam: Found game Need for Speed™ Hot Pursuit Remastered (1328660) at "D:\SteamLibrary\steamapps\common\Need For Speed Hot Pursuit Remastered"
2.76 - Steam: Found game Crosshair X (1366800) at "D:\SteamLibrary\steamapps\common\CrosshairX"
2.76 - Steam: Found game Just Act Natural (1485080) at "D:\SteamLibrary\steamapps\common\Just Act Natural"
2.76 - Steam: Found game BattleBit Remastered Playtest (1611740) at "D:\SteamLibrary\steamapps\common\BattleBit Remastered Playtest"
2.76 - Steam: Found game Synergy (17520) at "D:\SteamLibrary\steamapps\common\Synergy"
2.76 - Steam: Found game OBS Studio (1905180) at "D:\SteamLibrary\steamapps\common\OBS Studio"
2.76 - Steam: Found game Team Fortress Classic (20) at "D:\SteamLibrary\steamapps\common\Half-Life"
2.76 - Steam: Found game Source SDK (211) at "D:\SteamLibrary\steamapps\common\SourceSDK"
2.76 - Steam: Found game Source SDK Base 2006 (215) at "D:\SteamLibrary\steamapps\common\Source SDK Base"
2.76 - Steam: Found game Source SDK Base 2007 (218) at "D:\SteamLibrary\steamapps\common\Source SDK Base 2007"
2.76 - Steam: Found game PAYDAY 2 (218620) at "D:\SteamLibrary\steamapps\common\PAYDAY 2"
2.76 - Steam: Found game Hotline Miami (219150) at "D:\SteamLibrary\steamapps\common\hotline_miami"
2.76 - Steam: Found game Fallout: New Vegas (22380) at "D:\SteamLibrary\steamapps\common\Fallout New Vegas"
2.76 - Steam: Found game Sven Co-op (225840) at "D:\SteamLibrary\steamapps\common\Sven Co-op"
2.77 - Steam: Found game Papers, Please (239030) at "D:\SteamLibrary\steamapps\common\PapersPlease"
2.77 - Steam: Found game Counter-Strike: Source (240) at "D:\SteamLibrary\steamapps\common\Counter-Strike Source"
2.77 - Steam: Found game Source SDK Base 2013 Singleplayer (243730) at "D:\SteamLibrary\steamapps\common\Source SDK Base 2013 Singleplayer"
2.77 - Steam: Found game Grand Theft Auto V (271590) at "D:\SteamLibrary\steamapps\common\Grand Theft Auto V"
2.77 - Steam: Found game Hotline Miami 2: Wrong Number (274170) at "D:\SteamLibrary\steamapps\common\Hotline Miami 2"
2.77 - Steam: Found game BeamNG.drive (284160) at "D:\SteamLibrary\steamapps\common\BeamNG.drive"
2.77 - Steam: Found game METAL GEAR SOLID V: THE PHANTOM PAIN (287700) at "D:\SteamLibrary\steamapps\common\MGS_TPP"
2.77 - Steam: Found game Half-Life 2: Update (290930) at "D:\SteamLibrary\steamapps\common\Half-Life 2 Update"
2.77 - Steam: Found game Day of Defeat: Source (300) at "D:\SteamLibrary\steamapps\common\Day of Defeat Source"
2.77 - Steam: Found game Unturned (304930) at "D:\SteamLibrary\steamapps\common\Unturned"
2.77 - Steam: Found game METAL GEAR SOLID V: GROUND ZEROES (311340) at "D:\SteamLibrary\steamapps\common\Metal Gear Solid Ground Zeroes"
2.77 - Steam: Found game Five Nights at Freddy's (319510) at "D:\SteamLibrary\steamapps\common\Five Nights at Freddy's"
2.77 - Steam: Found game Half-Life 2: Deathmatch (320) at "D:\SteamLibrary\steamapps\common\Half-Life 2 Deathmatch"
2.77 - Steam: Found game Geometry Dash (322170) at "D:\SteamLibrary\steamapps\common\Geometry Dash"
2.77 - Steam: Found game Paint the Town Red (337320) at "D:\SteamLibrary\steamapps\common\Paint the Town Red"
2.77 - Steam: Found game Hatred (341940) at "D:\SteamLibrary\steamapps\common\Hatred"
2.77 - Steam: Found game Plants vs. Zombies: Game of the Year (3590) at "D:\SteamLibrary\steamapps\common\Plants Vs Zombies"
2.77 - Steam: Found game Tom Clancy's Rainbow Six Siege (359550) at "D:\SteamLibrary\steamapps\common\Tom Clancy's Rainbow Six Siege"
2.77 - Steam: Found game Blender (365670) at "D:\SteamLibrary\steamapps\common\Blender"
2.77 - Steam: Found game Portal (400) at "D:\SteamLibrary\steamapps\common\Portal"
2.78 - Steam: Found game Team Fortress 2 (440) at "D:\SteamLibrary\steamapps\common\Team Fortress 2"
2.78 - Steam: Found game Left 4 Dead (500) at "D:\SteamLibrary\steamapps\common\left 4 dead"
2.78 - Steam: Found game ACE COMBAT™ 7: SKIES UNKNOWN (502500) at "D:\SteamLibrary\steamapps\common\ACE COMBAT 7"
2.78 - Steam: Found game Deep Rock Galactic (548430) at "D:\SteamLibrary\steamapps\common\Deep Rock Galactic"
2.78 - Steam: Found game Left 4 Dead 2 (550) at "D:\SteamLibrary\steamapps\common\Left 4 Dead 2"
2.78 - Steam: Found game Fallout Shelter (588430) at "D:\SteamLibrary\steamapps\common\Fallout Shelter"
2.78 - Steam: Found game Star Wars: Battlefront 2 (Classic, 2005) (6060) at "D:\SteamLibrary\steamapps\common\Star Wars Battlefront II Classic"
2.78 - Steam: Found game Portal 2 (620) at "D:\SteamLibrary\steamapps\common\Portal 2"
2.78 - Steam: Found game Soundpad (629520) at "D:\SteamLibrary\steamapps\common\Soundpad"
2.78 - Steam: Found game Risk of Rain 2 (632360) at "D:\SteamLibrary\steamapps\common\Risk of Rain 2"
2.78 - Steam: Found game Ravenfield (636480) at "D:\SteamLibrary\steamapps\common\Ravenfield"
2.78 - Steam: Found game The Crew 2 (646910) at "D:\SteamLibrary\steamapps\common\The Crew 2"
2.78 - Steam: Found game Mutilate-a-Doll 2 (665370) at "D:\SteamLibrary\steamapps\common\Mutilate-a-Doll 2"
2.78 - Steam: Found game Drunken Wrestlers 2 (667530) at "D:\SteamLibrary\steamapps\common\Drunken Wrestlers 2"
2.78 - Steam: Found game Half-Life (70) at "D:\SteamLibrary\steamapps\common\Half-Life"
2.78 - Steam: Found game Aim Lab (714010) at "D:\SteamLibrary\steamapps\common\Aim Lab"
2.78 - Steam: Found game Freddy Fazbear's Pizzeria Simulator (738060) at "D:\SteamLibrary\steamapps\common\Freddy Fazbear's Pizzeria Simulator"
2.78 - Steam: Found game Counter-Strike: Condition Zero (80) at "D:\SteamLibrary\steamapps\common\Half-Life"
2.78 - Steam: Found game Just Cause 2 (8190) at "D:\SteamLibrary\steamapps\common\Just Cause 2"
2.78 - Steam: Found game Among Us (945360) at "D:\SteamLibrary\steamapps\common\Among Us"
2.79 - Steam: Found game Steamworks Common Redistributables (228980) at "C:\Program Files (x86)\Steam\steamapps\common\Steamworks Shared"
2.79 - Steam: Found game Steamworks Common Redistributables (228980) at "c:/program files (x86)/steam\steamapps\common\Steamworks Shared"
2.79 - GOG: RegistryKey HKEY_LOCAL_MACHINE\Software\WOW6432Node\GOG.com\Games\1207659042 does not have a value BUILDID
2.79 - GOG: RegistryKey HKEY_LOCAL_MACHINE\Software\WOW6432Node\GOG.com\Games\1207660583 does not have a value BUILDID
2.79 - GOG: RegistryKey HKEY_LOCAL_MACHINE\Software\WOW6432Node\GOG.com\Games\1444053723 does not have a value BUILDID
2.79 - GOG: RegistryKey HKEY_LOCAL_MACHINE\Software\WOW6432Node\GOG.com\Games\1661530902 does not have a value BUILDID
2.79 - BethNet: Unable to open Registry Keys SOFTWARE\WOW6432Node\Bethesda Softworks\Bethesda.net and SOFTWARE\WOW6432Node\Bethesda Softworks\Bethesda.net
2.87 - EpicGamesStore: Found game Fortnite at "D:\Fortnite"
2.87 - EpicGamesStore: Found game Stories Untold at "D:\Games\StoriesUntold"
2.87 - EpicGamesStore: Found game World of Goo at "D:\WorldOfGoo"
2.87 - EpicGamesStore: Found game World War Z at "D:\Games\WorldWarZ"
2.87 - EpicGamesStore: Found game Enter the Gungeon at "D:\Games\EnterTheGungeon"
2.87 - EpicGamesStore: Found game Totally Accurate Battle Simulator at "D:\Games\TABS"
2.87 - EpicGamesStore: Found game RollerCoaster Tycoon® 3: Complete Edition at "D:\Games\RollerCoasterTycoon3"
2.87 - EpicGamesStore: Found game MudRunner at "D:\Games\MudRunner"
2.87 - EpicGamesStore: Found game Verdun at "D:\Games\Verdun"
2.87 - EpicGamesStore: Found game Unreal Tournament at "D:\UnrealTournament"
2.89 - Origin: Found no Ids and Paths in the MFST files
3.52 - Origin: Found game Need For Speed Hot Pursuit Remastered - PC - WEST EU  (Origin.OFR.50.0004030) at "D:\SteamLibrary\steamapps\common\Need For Speed Hot Pursuit Remastered"
11.66 - Loading ModLists from GitHub
24.26 - File hash check (-42) b14f72d6016457e6b14ba6b9860432d72958a6718aa767bf140c35d015affa8f
24.36 - Starting Download of wj-featured/vivanewvegas
180.76 - Done downloading wj-featured/vivanewvegas
180.86 - Done hashing wj-featured/vivanewvegas
213.99 - Starting to install Viva New Vegas
214.05 - Cleaning VFS, this may take a bit of time
214.06 - Starting Installer Task
214.06 - Installation has Started
214.06 - File hash check (-42) b14f72d6016457e6b14ba6b9860432d72958a6718aa767bf140c35d015affa8f
214.88 - Configuring Processor
214.89 - Install Folder: D:\MO2
214.89 - Downloads Folder: D:\MO2\downloads
214.89 - Game Folder: D:\SteamLibrary\steamapps\common\Fallout New Vegas
214.89 - Wabbajack Folder: D:\2.5.3.15
214.89 - Drive watcher is starting. Will warn at 8GB and error at 4GB
214.89 - Starting Drive watcher on D:\ currently 155.4GB free out of 930.5GB
214.89 - Validating Game ESMs
214.9 - Creating Output Folders
215.7 - Optimizing ModList
215.7 - Optimizing ModList directives
215.86 - Looking for files to delete
215.87 - Cleaning empty folders
215.93 - Looking for unmodified files
216.08 - Updating ModList
216.08 - Optimized 8847 directives to 8847 required
216.09 - Hashing Archives
216.09 - Looking for files to hash
217.35 - Found 464 total files, 0 matching filesize
217.36 - Downloading Missing Archives
217.36 - Missing 74 archives
217.36 - Getting Nexus API Key, if a browser appears, please accept
217.37 - (Retry 1 of 5), got exception (2) The system cannot find the file specified: [C:\Users\asus\AppData\Local\Wabbajack\nexusapikey], waiting 100ms
217.47 - (Retry 2 of 5), got exception (2) The system cannot find the file specified: [C:\Users\asus\AppData\Local\Wabbajack\nexusapikey], waiting 200ms
217.67 - (Retry 3 of 5), got exception (2) The system cannot find the file specified: [C:\Users\asus\AppData\Local\Wabbajack\nexusapikey], waiting 400ms
218.08 - (Retry 4 of 5), got exception (2) The system cannot find the file specified: [C:\Users\asus\AppData\Local\Wabbajack\nexusapikey], waiting 800ms
218.89 - (Retry 5 of 5), got exception (2) The system cannot find the file specified: [C:\Users\asus\AppData\Local\Wabbajack\nexusapikey], waiting 1600ms
220.5 - Getting User's Nexus API Key
304.97 - Logged into the nexus as FL1PPy1234
304.97 - Nexus calls remaining: 10000 daily, 500 hourly
305.28 - Logged into the nexus as FL1PPy1234
305.28 - Nexus calls remaining: 10000 daily, 500 hourly
305.29 - Loading server whitelist
305.78 - Loaded permissions for 675 servers and 299 Google Drive files
305.78 - Getting upgrades list
306.33 - File hash check (-42) b14f72d6016457e6b14ba6b9860432d72958a6718aa767bf140c35d015affa8f
306.34 - Downloading Stewie's Tweaks Overhauls INI.7z
306.35 - Downloading Faster Pip-Boy Animation (2x)-67761-1-0-1571797210.zip
306.37 - Downloading NVCS Vanilla Weights-68776-12-1617225723.zip
306.37 - Downloading Consistent Pip-Boy Icons (Glow Icons) (Shadows)-76336-1-2-1651508891.zip
306.37 - Downloading Vanilla Hud Cleaned - Barter Update-70001-Barter-1643367854.zip
306.37 - Downloading 1. Consistent Pip-boy Icons-65046-4-01-1642070812.zip
306.42 - Downloading Clean Companion Wheel 256x256 Edition-70486-0-9-1606396146.7z
306.43 - Downloading Clean Just Weapons Wheel-76357-1-0-1651263315.zip
307.56 - File hash check (-42) b14f72d6016457e6b14ba6b9860432d72958a6718aa767bf140c35d015affa8f
308.01 - Downloading Bonus Patch-72320-1-3a-1623348069.7z
308.51 - File hash check (-42) b14f72d6016457e6b14ba6b9860432d72958a6718aa767bf140c35d015affa8f
308.57 - Requesting manual download for Clean Companion Wheel NexusDownloader+State|FalloutNewVegas|70486|1000068048
308.57 - 
309.01 - File hash check (-42) b14f72d6016457e6b14ba6b9860432d72958a6718aa767bf140c35d015affa8f
325.9 - Requesting manual download for Faster Pip-Boy Animation NexusDownloader+State|FalloutNewVegas|67761|1000057020
325.91 - 
326.55 - Downloading AnniAnimPack_BugFix 1.3-72320-1-3-1621469381.7z
336.92 - Requesting manual download for Vanilla Hud Cleaned NexusDownloader+State|FalloutNewVegas|70001|1000086836
336.92 - 
337.43 - Downloading Anniversary Anim Pack-70158-1-9c-1620681207.7z
348.33 - Downloading NVTF-66537-9-9-1j-1649617118.zip
348.5 - Requesting manual download for Consistent Glow Icons (Shadow Version) NexusDownloader+State|FalloutNewVegas|76336|1000091931
348.5 - 
378.15 - Requesting manual download for Clean Just Weapons Wheel NexusDownloader+State|FalloutNewVegas|76357|1000091757
378.15 - 
388.79 - Downloading NVAC - New Vegas Anti Crash-53635-7-5-1-0.zip
389.86 - Requesting manual download for NV Compatibility Skeleton NexusDownloader+State|FalloutNewVegas|68776|1000074347
389.86 - 
390.06 - Downloading NMFL-NV_2.0.7z
391.04 - Downloading NVMIM-74295-1-05-1639643886.7z
399.83 - Downloading lStewieAl's Tweaks Custom INI.7z
400.06 - Requesting manual download for Consistent Pip-Boy Icons NexusDownloader+State|FalloutNewVegas|65046|1000086193
400.07 - 
401.26 - Downloading kNVSE-71336-20-1632181674.7z
411.7 - Requesting manual download for Anniversary Anim Pack - General Bugfix NexusDownloader+State|FalloutNewVegas|72320|1000077351
411.71 - 
426.04 - Requesting manual download for Anniversary Anim Pack - General Bugfix NexusDownloader+State|FalloutNewVegas|72320|1000076296
426.05 - 
427.61 - Downloading JohnnyGuitar NVSE-66927-4-65-1651654481.7z
453.35 - Requesting manual download for Anniversary Anim Pack NexusDownloader+State|FalloutNewVegas|70158|1000075892
453.35 - 
459.34 - Downloading JIP LN Overhauls INI.7z
460.85 - Downloading JIP LN NVSE Plugin-58277-56-56-1650656711.7z
466.84 - Requesting manual download for NVTF - New Vegas Tick Fix NexusDownloader+State|FalloutNewVegas|66537|1000090782
466.84 - 
484.59 - Requesting manual download for NVAC - New Vegas Anti Crash NexusDownloader+State|FalloutNewVegas|53635|1000039152
484.59 - 
486.85 - Downloading Improved Lighting Shaders-69833-1-5beta4-1600695738.zip
492.47 - Downloading HUD Only Explosion Shake-75064-1-0-1642614971.7z
497.42 - Requesting manual download for New Vegas Mesh Improvement Mod - NVMIM NexusDownloader+State|FalloutNewVegas|74295|1000085177
497.42 - 
498.16 - Downloading FNVModLimitFix-68714-2-5-1588442390.zip
508.89 - Downloading Console Paste-65906-1-0-1546350722.zip
512.78 - Requesting manual download for kNVSE Animation Plugin NexusDownloader+State|FalloutNewVegas|71336|1000081372
512.78 - 
523.66 - Requesting manual download for JohnnyGuitar NVSE NexusDownloader+State|FalloutNewVegas|66927|1000092012
523.66 - 
528.37 - Downloading UIO - User Interface Organizer-57174-2-30-1629600625.7z
543.08 - Requesting manual download for JIP LN NVSE Plugin NexusDownloader+State|FalloutNewVegas|58277|1000091424
543.08 - 
543.67 - Downloading Simple Interior Lighting Overhaul-71390-1-2-1645557078.7z
601.15 - Requesting manual download for HUD Only Explosion Shake NexusDownloader+State|FalloutNewVegas|75064|1000086482
601.16 - 
606.94 - Downloading Stewie Tweaks-66347-7-76-1652024978.zip
618.79 - Requesting manual download for Improved Lighting Shaders NexusDownloader+State|FalloutNewVegas|69833|1000065777
618.79 - 
618.88 - Downloading Just Assorted Mods Custom INI.7z
622.69 - Downloading FNVEdit 4.0.4-34703-4-0-4-1636548359.7z
653.87 - Requesting manual download for FNV Mod Limit Fix NexusDownloader+State|FalloutNewVegas|68714|1000061401
653.87 - 
676.88 - Downloading mo2-plugins-e0bd307b77f45c7cee78edf11311b14069e9ffe9.zip
679.84 - Downloading YUP - Base Game and All DLC-51664-12-3-1639760361.7z
682.53 - Requesting manual download for Console Paste Support NexusDownloader+State|FalloutNewVegas|65906|1000051301
682.53 - 
682.78 - Downloading WMIM ESP Replacer.7z
683.89 - Downloading Weapon Mesh Improvement Mod-65052-1-4-1644880975.rar
995.42 - Downloading Vanilla_UI_Plus_New_Vegas_8.95.7z
996.15 - Found 8 ModDB mirrors for Vanilla_UI_Plus_New_Vegas_8.95.7z
1003.31 - Downloading VNV LODGenOutput.7z
1063.37 - Requesting manual download for UIO - User Interface Organizer NexusDownloader+State|FalloutNewVegas|57174|1000080073
1063.37 - 
1066.05 - Downloading Vanilla Hud Cleaned-70001-0-381-1607085285.7z
